scons: done reading SConscript files.
scons: Building targets ...
Compiling ASW\ASW_BASE\src\SWC_Base.c
Compiling ASW\ASW_COM\src\SWC_Com.c
Compiling ASW\ASW_CORE1\src\ASW_CORE1.c
Compiling ASW\ASW_CORE2\src\ASW_CORE2.c
Compiling ASW\ASW_Dem\src\DemSwc_RE_CSDataElementClass_SystemFaultRank_ReadData_func.c
Compiling ASW\ASW_Dem\src\DemSwc_RE_CSDataElementClass_VehicleSpeed_ReadData_func.c
scons: *** [output\objs\ASW\ASW_BASE\SWC_Base.o] The system cannot find the file specified
scons: *** [output\objs\ASW\ASW_COM\SWC_Com.o] The system cannot find the file specified
scons: *** [output\objs\ASW\ASW_CORE1\ASW_CORE1.o] The system cannot find the file specified
Compiling ASW\ASW_Dem\src\DemSwc_RE_Dem_SWC_func.c
scons: *** [output\objs\ASW\ASW_CORE2\ASW_CORE2.o] The system cannot find the file specified
scons: *** [output\objs\ASW\ASW_Dem\DemSwc_RE_CSDataElementClass_SystemFaultRank_ReadData_func.o] The system cannot find the file specified
scons: *** [output\objs\ASW\ASW_Dem\DemSwc_RE_CSDataElementClass_VehicleSpeed_ReadData_func.o] The system cannot find the file specified
scons: *** [output\objs\ASW\ASW_Dem\DemSwc_RE_Dem_SWC_func.o] The system cannot find the file specified
scons: building terminated because of errors.
