scons: done reading SConscript files.

scons: warning: you do not seem to have the pywin32 extensions installed;
	parallel (-j) builds may not work reliably with open Python files.
File "C:\Python27\Scripts\scons.py", line 201, in <module>
scons: Building targets ...
Compiling ASW\ASW_BASE\src\SWC_Base.c
Compiling ASW\ASW_COM\src\SWC_Com.c
Compiling ASW\ASW_CORE1\src\ASW_CORE1.c
scons: *** [output\objs\ASW\ASW_BASE\SWC_Base.o] The system cannot find the file specified
scons: *** [output\objs\ASW\ASW_COM\SWC_Com.o] The system cannot find the file specified
scons: *** [output\objs\ASW\ASW_CORE1\ASW_CORE1.o] The system cannot find the file specified
Compiling ASW\ASW_CORE2\src\ASW_CORE2.c
scons: *** [output\objs\ASW\ASW_CORE2\ASW_CORE2.o] The system cannot find the file specified
scons: building terminated because of errors.
