scons: done reading SConscript files.

scons: warning: you do not seem to have the pywin32 extensions installed;
	parallel (-j) builds may not work reliably with open Python files.
File "C:\Python27\Scripts\scons.py", line 201, in <module>
scons: Building targets ...
Compiling ASW\ASW_BASE\src\SWC_Base.c
Compiling ASW\ASW_COM\src\SWC_Com.c
Compiling ASW\ASW_CORE1\src\ASW_CORE1.c
Compiling ASW\ASW_CORE2\src\ASW_CORE2.c
Compiling ASW\ASW_Dem\src\DemSwc_RE_CSDataElementClass_SystemFaultRank_ReadData_func.c
Compiling ASW\ASW_Dem\src\DemSwc_RE_CSDataElementClass_VehicleSpeed_ReadData_func.c
Compiling ASW\ASW_Dem\src\DemSwc_RE_Dem_SWC_func.c
Compiling ASW\ASW_Diag\src\Diag_security.c
ctc W537: ["ASW\ASW_CORE2\src\ASW_CORE2.c" 55/17] unused variable "retValue"
0 errors, 1 warnings


Compiling ASW\ASW_Diag\src\stub_diag.c
Compiling ASW\ASW_Diag\src\SWC_Diag.c
ctc W537: ["ASW\ASW_CORE1\src\ASW_CORE1.c" 57/17] unused variable "retValue"
0 errors, 1 warnings

ctc W545: ["ASW\ASW_Dem\src\DemSwc_RE_CSDataElementClass_SystemFaultRank_ReadData_func.c" 85/1] missing 'return'
0 errors, 1 warnings

ctc W545: ["ASW\ASW_Dem\src\DemSwc_RE_CSDataElementClass_VehicleSpeed_ReadData_func.c" 85/1] missing 'return'
0 errors, 1 warnings



Compiling ASW\ASW_NM\src\ASW_NM.c

ctc W537: ["ASW\ASW_Diag\src\SWC_Diag.c" 397/17] unused variable "retValue"
0 errors, 1 warnings

Compiling ASW\ASW_NVM\src\ASW_NVM.c
Compiling ASW\ASW_WDG\src\ASW_WDG.c
Compiling ASW\ASW_XCP\src\SWC_XCP.c
ctc W523: ["ASW\ASW_NM\src\ASW_NM.c" 84/62] pointers to different types at argument #2
ctc W523: ["ASW\ASW_NM\src\ASW_NM.c" 134/55] pointers to different types at argument #2
ctc W523: ["ASW\ASW_NM\src\ASW_NM.c" 140/55] pointers to different types at argument #2
ctc W523: ["ASW\ASW_NM\src\ASW_NM.c" 145/55] pointers to different types at argument #2
ctc W537: ["ASW\ASW_NM\src\ASW_NM.c" 64/17] unused variable "retValue"
0 errors, 5 warnings

Compiling BSW\src\BSW\Gen\Bfx\src\Bfx_Bit.c
Compiling BSW\src\BSW\Gen\Bfx\src\Bfx_GetVersionInfo.c
Compiling BSW\src\BSW\Gen\Bfx\src\Bfx_TstParityEven_u16_u8.c
Compiling BSW\src\BSW\Gen\Bfx\src\Bfx_TstParityEven_u32_u8.c
ctc W505: ["ASW\ASW_NVM\src\ASW_NVM.c" 181/7] implicit declaration of function "Fee_LLCheckReorganizationNeed"
ctc W577: ["ASW\ASW_NVM\src\ASW_NVM.c" 181/36] calling a function without a prototype
0 errors, 2 warnings

Compiling BSW\src\BSW\Gen\Bfx\src\Bfx_TstParityEven_u8_u8.c
ctc W537: ["ASW\ASW_BASE\src\SWC_Base.c" 67/17] unused variable "retValue"
0 errors, 1 warnings








Compiling BSW\src\BSW\Gen\BswM\src\BswM.c
Compiling BSW\src\BSW\Gen\BswM\src\BswM_CanSM.c
Compiling BSW\src\BSW\Gen\BswM\src\BswM_ComM.c
Compiling BSW\src\BSW\Gen\BswM\src\BswM_DCM.c
Compiling BSW\src\BSW\Gen\BswM\src\BswM_EcuM.c
Compiling BSW\src\BSW\Gen\BswM\src\BswM_EthIf.c
Compiling BSW\src\BSW\Gen\BswM\src\BswM_EthSM.c
Compiling BSW\src\BSW\Gen\BswM\src\BswM_FrSM.c
ctc E201: [".\BSW\src\BSW\Gen\EcuM\EcuM_Cfg.h" 16/1] #error "AUTOSAR minor version undefined or mismatched"
1 errors, 0 warnings

===================
None
===================
scons: *** [output\objs\BSW\src\BSW\Gen\BswM\BswM_CanSM.o] Error 1
ctc E201: [".\BSW\src\BSW\Gen\EcuM\EcuM_Cfg.h" 16/1] #error "AUTOSAR minor version undefined or mismatched"
1 errors, 0 warnings

===================
None
===================
scons: *** [output\objs\BSW\src\BSW\Gen\BswM\BswM.o] Error 1
ctc E201: [".\BSW\src\BSW\Gen\EcuM\EcuM_Cfg.h" 16/1] #error "AUTOSAR minor version undefined or mismatched"
1 errors, 0 warnings

===================
None
===================
scons: *** [output\objs\BSW\src\BSW\Gen\BswM\BswM_ComM.o] Error 1
ctc E201: [".\BSW\src\BSW\Gen\EcuM\EcuM_Cfg.h" 16/1] #error "AUTOSAR minor version undefined or mismatched"
1 errors, 0 warnings

===================
None
===================
scons: *** [output\objs\BSW\src\BSW\Gen\BswM\BswM_DCM.o] Error 1
ctc E201: [".\BSW\src\BSW\Gen\EcuM\EcuM_Cfg.h" 16/1] #error "AUTOSAR minor version undefined or mismatched"
1 errors, 0 warnings

===================
None
===================
scons: *** [output\objs\BSW\src\BSW\Gen\BswM\BswM_EthIf.o] Error 1
ctc E201: [".\BSW\src\BSW\Gen\EcuM\EcuM_Cfg.h" 16/1] #error "AUTOSAR minor version undefined or mismatched"
1 errors, 0 warnings

===================
None
===================
scons: *** [output\objs\BSW\src\BSW\Gen\BswM\BswM_EcuM.o] Error 1
ctc E201: [".\BSW\src\BSW\Gen\EcuM\EcuM_Cfg.h" 16/1] #error "AUTOSAR minor version undefined or mismatched"
1 errors, 0 warnings

===================
None
===================
scons: *** [output\objs\BSW\src\BSW\Gen\BswM\BswM_EthSM.o] Error 1
ctc E201: [".\BSW\src\BSW\Gen\EcuM\EcuM_Cfg.h" 16/1] #error "AUTOSAR minor version undefined or mismatched"
1 errors, 0 warnings

===================
None
===================
scons: *** [output\objs\BSW\src\BSW\Gen\BswM\BswM_FrSM.o] Error 1
scons: building terminated because of errors.
